{"C:\\Users\\huihui\\Desktop\\combine\\src\\combine.js": {"path":"C:\\Users\\huihui\\Desktop\\combine\\src\\combine.js","statementMap":{"0":{"start":{"line":1,"column":16},"end":{"line":14,"column":1}},"1":{"start":{"line":2,"column":4},"end":{"line":12,"column":5}},"2":{"start":{"line":2,"column":14},"end":{"line":2,"column":15}},"3":{"start":{"line":3,"column":8},"end":{"line":11,"column":9}},"4":{"start":{"line":3,"column":18},"end":{"line":3,"column":21}},"5":{"start":{"line":4,"column":24},"end":{"line":4,"column":69}},"6":{"start":{"line":5,"column":24},"end":{"line":5,"column":69}},"7":{"start":{"line":6,"column":12},"end":{"line":10,"column":13}},"8":{"start":{"line":7,"column":25},"end":{"line":7,"column":31}},"9":{"start":{"line":8,"column":16},"end":{"line":8,"column":30}},"10":{"start":{"line":9,"column":16},"end":{"line":9,"column":28}},"11":{"start":{"line":13,"column":4},"end":{"line":13,"column":42}},"12":{"start":{"line":16,"column":0},"end":{"line":16,"column":24}}},"fnMap":{"0":{"name":"(anonymous_0)","decl":{"start":{"line":1,"column":16},"end":{"line":1,"column":17}},"loc":{"start":{"line":1,"column":24},"end":{"line":14,"column":1}},"line":1}},"branchMap":{"0":{"loc":{"start":{"line":6,"column":12},"end":{"line":10,"column":13}},"type":"if","locations":[{"start":{"line":6,"column":12},"end":{"line":10,"column":13}},{"start":{"line":6,"column":12},"end":{"line":10,"column":13}}],"line":6}},"s":{"0":1,"1":3,"2":3,"3":7,"4":7,"5":12,"6":12,"7":12,"8":7,"9":7,"10":7,"11":3,"12":1},"f":{"0":3},"b":{"0":[7,5]},"_coverageSchema":"43e27e138ebf9cfc5966b082cf9a028302ed4184","hash":"780a5b52f607f5cf85e1e478779a5eecacd38915"}
}
